<?xml version="1.0" encoding="UTF-8"?>
<testsuite name="VectorTest" tests="2" skipped="0" failures="0" errors="0" timestamp="2022-03-18T13:23:44" hostname="PC-FEDE" time="0.013">
  <properties/>
  <testcase name="search()" classname="VectorTest" time="0.012"/>
  <testcase name="sort()" classname="VectorTest" time="0.001"/>
  <system-out><![CDATA[]]></system-out>
  <system-err><![CDATA[]]></system-err>
</testsuite>
