<?xml version="1.0" encoding="UTF-8"?>
<testsuite name="basic.FlowControlTest" tests="1" skipped="0" failures="0" errors="0" timestamp="2022-03-18T15:06:53" hostname="PORTATILE-FEDE" time="0.025">
  <properties/>
  <testcase name="sumFirstNumbers()" classname="basic.FlowControlTest" time="0.025"/>
  <system-out><![CDATA[]]></system-out>
  <system-err><![CDATA[]]></system-err>
</testsuite>
